<?xml version="1.0" encoding="UTF-8"?>
<testsuite name="com.example.aventurasdemarcoyluis.tests.TestGame" tests="7" skipped="0" failures="0" errors="0" timestamp="2021-12-09T23:06:26" hostname="LAPTOP-DATE9JPB" time="0.036">
  <properties/>
  <testcase name="gameStateTest()" classname="com.example.aventurasdemarcoyluis.tests.TestGame" time="0.013"/>
  <testcase name="generalFunctionalities()" classname="com.example.aventurasdemarcoyluis.tests.TestGame" time="0.006"/>
  <testcase name="testWin()" classname="com.example.aventurasdemarcoyluis.tests.TestGame" time="0.007"/>
  <testcase name="testLoss()" classname="com.example.aventurasdemarcoyluis.tests.TestGame" time="0.002"/>
  <testcase name="battleSetUp()" classname="com.example.aventurasdemarcoyluis.tests.TestGame" time="0.001"/>
  <testcase name="testBattle()" classname="com.example.aventurasdemarcoyluis.tests.TestGame" time="0.001"/>
  <testcase name="testGameSetUp()" classname="com.example.aventurasdemarcoyluis.tests.TestGame" time="0.001"/>
  <system-out><![CDATA[]]></system-out>
  <system-err><![CDATA[]]></system-err>
</testsuite>
