<?xml version="1.0" encoding="UTF-8"?>
<testsuite name="com.example.aventurasdemarcoyluis.tests.TestEnemy" tests="7" skipped="0" failures="0" errors="0" timestamp="2021-12-02T13:24:52" hostname="LAPTOP-DATE9JPB" time="0.012">
  <properties/>
  <testcase name="constructorTest()" classname="com.example.aventurasdemarcoyluis.tests.TestEnemy" time="0.001"/>
  <testcase name="SetTest()" classname="com.example.aventurasdemarcoyluis.tests.TestEnemy" time="0.0"/>
  <testcase name="upLvl()" classname="com.example.aventurasdemarcoyluis.tests.TestEnemy" time="0.001"/>
  <testcase name="equalsTest()" classname="com.example.aventurasdemarcoyluis.tests.TestEnemy" time="0.0"/>
  <testcase name="toStringTest()" classname="com.example.aventurasdemarcoyluis.tests.TestEnemy" time="0.009"/>
  <testcase name="GetTest()" classname="com.example.aventurasdemarcoyluis.tests.TestEnemy" time="0.0"/>
  <testcase name="borderHp()" classname="com.example.aventurasdemarcoyluis.tests.TestEnemy" time="0.0"/>
  <system-out><![CDATA[]]></system-out>
  <system-err><![CDATA[]]></system-err>
</testsuite>
