<?xml version="1.0" encoding="UTF-8"?>
<testsuite name="com.example.aventurasdemarcoyluis.tests.TestAttacks" tests="5" skipped="0" failures="0" errors="0" timestamp="2021-12-06T14:55:10" hostname="LAPTOP-DATE9JPB" time="0.02">
  <properties/>
  <testcase name="marcosJumpAtkTest()" classname="com.example.aventurasdemarcoyluis.tests.TestAttacks" time="0.017"/>
  <testcase name="enemyNormalAtk()" classname="com.example.aventurasdemarcoyluis.tests.TestAttacks" time="0.0"/>
  <testcase name="marcosHammerAtkTest()" classname="com.example.aventurasdemarcoyluis.tests.TestAttacks" time="0.001"/>
  <testcase name="luigiJumpAtkTest()" classname="com.example.aventurasdemarcoyluis.tests.TestAttacks" time="0.0"/>
  <testcase name="luigiHammerAtkTest()" classname="com.example.aventurasdemarcoyluis.tests.TestAttacks" time="0.001"/>
  <system-out><![CDATA[]]></system-out>
  <system-err><![CDATA[]]></system-err>
</testsuite>
