<?xml version="1.0" encoding="UTF-8"?>
<testsuite name="com.example.aventurasdemarcoyluis.tests.TestBag" tests="3" skipped="0" failures="0" errors="0" timestamp="2021-12-11T12:14:49" hostname="LAPTOP-DATE9JPB" time="0.008">
  <properties/>
  <testcase name="useItemTest()" classname="com.example.aventurasdemarcoyluis.tests.TestBag" time="0.001"/>
  <testcase name="pickItemBagTest()" classname="com.example.aventurasdemarcoyluis.tests.TestBag" time="0.0"/>
  <testcase name="toStringTest()" classname="com.example.aventurasdemarcoyluis.tests.TestBag" time="0.007"/>
  <system-out><![CDATA[]]></system-out>
  <system-err><![CDATA[]]></system-err>
</testsuite>
