<?xml version="1.0" encoding="UTF-8"?>
<testsuite name="com.example.aventurasdemarcoyluis.tests.TestBattle" tests="6" skipped="0" failures="0" errors="0" timestamp="2021-10-23T00:33:15" hostname="LAPTOP-DATE9JPB" time="0.032">
  <properties/>
  <testcase name="firstTurnItemTest()" classname="com.example.aventurasdemarcoyluis.tests.TestBattle" time="0.027"/>
  <testcase name="firstTurnPassTest()" classname="com.example.aventurasdemarcoyluis.tests.TestBattle" time="0.0"/>
  <testcase name="startOfBattleTest()" classname="com.example.aventurasdemarcoyluis.tests.TestBattle" time="0.0"/>
  <testcase name="thirdTurnTest()" classname="com.example.aventurasdemarcoyluis.tests.TestBattle" time="0.001"/>
  <testcase name="secondTurnTest()" classname="com.example.aventurasdemarcoyluis.tests.TestBattle" time="0.001"/>
  <testcase name="firstTurnAttackTest()" classname="com.example.aventurasdemarcoyluis.tests.TestBattle" time="0.001"/>
  <system-out><![CDATA[]]></system-out>
  <system-err><![CDATA[]]></system-err>
</testsuite>
