<?xml version="1.0" encoding="UTF-8"?>
<testsuite name="com.example.aventurasdemarcoyluis.tests.TestGame" tests="7" skipped="0" failures="0" errors="0" timestamp="2021-11-05T11:46:50" hostname="LAPTOP-DATE9JPB" time="0.023">
  <properties/>
  <testcase name="gameStateTest()" classname="com.example.aventurasdemarcoyluis.tests.TestGame" time="0.012"/>
  <testcase name="generalFunctionalities()" classname="com.example.aventurasdemarcoyluis.tests.TestGame" time="0.001"/>
  <testcase name="testWin()" classname="com.example.aventurasdemarcoyluis.tests.TestGame" time="0.003"/>
  <testcase name="testLoss()" classname="com.example.aventurasdemarcoyluis.tests.TestGame" time="0.001"/>
  <testcase name="battleSetUp()" classname="com.example.aventurasdemarcoyluis.tests.TestGame" time="0.001"/>
  <testcase name="testBattle()" classname="com.example.aventurasdemarcoyluis.tests.TestGame" time="0.001"/>
  <testcase name="testGameSetUp()" classname="com.example.aventurasdemarcoyluis.tests.TestGame" time="0.0"/>
  <system-out><![CDATA[]]></system-out>
  <system-err><![CDATA[]]></system-err>
</testsuite>
