<?xml version="1.0" encoding="UTF-8"?>
<testsuite name="com.example.aventurasdemarcoyluis.tests.TestExcept" tests="3" skipped="0" failures="0" errors="0" timestamp="2021-12-09T23:06:26" hostname="LAPTOP-DATE9JPB" time="0.016">
  <properties/>
  <testcase name="testInvalidCharacterAction()" classname="com.example.aventurasdemarcoyluis.tests.TestExcept" time="0.005"/>
  <testcase name="testInvalidGamePlay()" classname="com.example.aventurasdemarcoyluis.tests.TestExcept" time="0.008"/>
  <testcase name="testItemUnavailableException()" classname="com.example.aventurasdemarcoyluis.tests.TestExcept" time="0.001"/>
  <system-out><![CDATA[]]></system-out>
  <system-err><![CDATA[]]></system-err>
</testsuite>
