<?xml version="1.0" encoding="UTF-8"?>
<testsuite name="com.example.aventurasdemarcoyluis.tests.TestKnockOut" tests="1" skipped="0" failures="0" errors="0" timestamp="2021-12-02T13:24:52" hostname="LAPTOP-DATE9JPB" time="0.0">
  <properties/>
  <testcase name="KnockoutTest()" classname="com.example.aventurasdemarcoyluis.tests.TestKnockOut" time="0.0"/>
  <system-out><![CDATA[]]></system-out>
  <system-err><![CDATA[]]></system-err>
</testsuite>
